Analysis & Synthesis report for td4
Sun Dec 16 13:51:28 2018
Quartus Prime Version 18.1.0 Build 625 09/12/2018 SJ Lite Edition


---------------------
; Table of Contents ;
---------------------
  1. Legal Notice
  2. Analysis & Synthesis Summary
  3. Analysis & Synthesis Settings
  4. Parallel Compilation
  5. Analysis & Synthesis Source Files Read
  6. Analysis & Synthesis Resource Usage Summary
  7. Analysis & Synthesis Resource Utilization by Entity
  8. User-Specified and Inferred Latches
  9. General Register Statistics
 10. Inverted Register Statistics
 11. Multiplexer Restructuring Statistics (Restructuring Performed)
 12. Post-Synthesis Netlist Statistics for Top Partition
 13. Elapsed Time Per Partition
 14. Analysis & Synthesis Messages



----------------
; Legal Notice ;
----------------
Copyright (C) 2018  Intel Corporation. All rights reserved.
Your use of Intel Corporation's design tools, logic functions 
and other software and tools, and its AMPP partner logic 
functions, and any output files from any of the foregoing 
(including device programming or simulation files), and any 
associated documentation or information are expressly subject 
to the terms and conditions of the Intel Program License 
Subscription Agreement, the Intel Quartus Prime License Agreement,
the Intel FPGA IP License Agreement, or other applicable license
agreement, including, without limitation, that your use is for
the sole purpose of programming logic devices manufactured by
Intel and sold by Intel or its authorized distributors.  Please
refer to the applicable agreement for further details.



+----------------------------------------------------------------------------------+
; Analysis & Synthesis Summary                                                     ;
+------------------------------------+---------------------------------------------+
; Analysis & Synthesis Status        ; Successful - Sun Dec 16 13:51:28 2018       ;
; Quartus Prime Version              ; 18.1.0 Build 625 09/12/2018 SJ Lite Edition ;
; Revision Name                      ; td4                                         ;
; Top-level Entity Name              ; test                                        ;
; Family                             ; Cyclone IV E                                ;
; Total logic elements               ; 118                                         ;
;     Total combinational functions  ; 110                                         ;
;     Dedicated logic registers      ; 46                                          ;
; Total registers                    ; 46                                          ;
; Total pins                         ; 19                                          ;
; Total virtual pins                 ; 0                                           ;
; Total memory bits                  ; 0                                           ;
; Embedded Multiplier 9-bit elements ; 0                                           ;
; Total PLLs                         ; 0                                           ;
+------------------------------------+---------------------------------------------+


+------------------------------------------------------------------------------------------------------------+
; Analysis & Synthesis Settings                                                                              ;
+------------------------------------------------------------------+--------------------+--------------------+
; Option                                                           ; Setting            ; Default Value      ;
+------------------------------------------------------------------+--------------------+--------------------+
; Device                                                           ; EP4CE22F17C6       ;                    ;
; Top-level entity name                                            ; test               ; td4                ;
; Family name                                                      ; Cyclone IV E       ; Cyclone V          ;
; Use smart compilation                                            ; Off                ; Off                ;
; Enable parallel Assembler and Timing Analyzer during compilation ; On                 ; On                 ;
; Enable compact report table                                      ; Off                ; Off                ;
; Restructure Multiplexers                                         ; Auto               ; Auto               ;
; Create Debugging Nodes for IP Cores                              ; Off                ; Off                ;
; Preserve fewer node names                                        ; On                 ; On                 ;
; Intel FPGA IP Evaluation Mode                                    ; Enable             ; Enable             ;
; Verilog Version                                                  ; Verilog_2001       ; Verilog_2001       ;
; VHDL Version                                                     ; VHDL_1993          ; VHDL_1993          ;
; State Machine Processing                                         ; Auto               ; Auto               ;
; Safe State Machine                                               ; Off                ; Off                ;
; Extract Verilog State Machines                                   ; On                 ; On                 ;
; Extract VHDL State Machines                                      ; On                 ; On                 ;
; Ignore Verilog initial constructs                                ; Off                ; Off                ;
; Iteration limit for constant Verilog loops                       ; 5000               ; 5000               ;
; Iteration limit for non-constant Verilog loops                   ; 250                ; 250                ;
; Add Pass-Through Logic to Inferred RAMs                          ; On                 ; On                 ;
; Infer RAMs from Raw Logic                                        ; On                 ; On                 ;
; Parallel Synthesis                                               ; On                 ; On                 ;
; DSP Block Balancing                                              ; Auto               ; Auto               ;
; NOT Gate Push-Back                                               ; On                 ; On                 ;
; Power-Up Don't Care                                              ; On                 ; On                 ;
; Remove Redundant Logic Cells                                     ; Off                ; Off                ;
; Remove Duplicate Registers                                       ; On                 ; On                 ;
; Ignore CARRY Buffers                                             ; Off                ; Off                ;
; Ignore CASCADE Buffers                                           ; Off                ; Off                ;
; Ignore GLOBAL Buffers                                            ; Off                ; Off                ;
; Ignore ROW GLOBAL Buffers                                        ; Off                ; Off                ;
; Ignore LCELL Buffers                                             ; Off                ; Off                ;
; Ignore SOFT Buffers                                              ; On                 ; On                 ;
; Limit AHDL Integers to 32 Bits                                   ; Off                ; Off                ;
; Optimization Technique                                           ; Balanced           ; Balanced           ;
; Carry Chain Length                                               ; 70                 ; 70                 ;
; Auto Carry Chains                                                ; On                 ; On                 ;
; Auto Open-Drain Pins                                             ; On                 ; On                 ;
; Perform WYSIWYG Primitive Resynthesis                            ; Off                ; Off                ;
; Auto ROM Replacement                                             ; On                 ; On                 ;
; Auto RAM Replacement                                             ; On                 ; On                 ;
; Auto DSP Block Replacement                                       ; On                 ; On                 ;
; Auto Shift Register Replacement                                  ; Auto               ; Auto               ;
; Allow Shift Register Merging across Hierarchies                  ; Auto               ; Auto               ;
; Auto Clock Enable Replacement                                    ; On                 ; On                 ;
; Strict RAM Replacement                                           ; Off                ; Off                ;
; Allow Synchronous Control Signals                                ; On                 ; On                 ;
; Force Use of Synchronous Clear Signals                           ; Off                ; Off                ;
; Auto RAM Block Balancing                                         ; On                 ; On                 ;
; Auto RAM to Logic Cell Conversion                                ; Off                ; Off                ;
; Auto Resource Sharing                                            ; Off                ; Off                ;
; Allow Any RAM Size For Recognition                               ; Off                ; Off                ;
; Allow Any ROM Size For Recognition                               ; Off                ; Off                ;
; Allow Any Shift Register Size For Recognition                    ; Off                ; Off                ;
; Use LogicLock Constraints during Resource Balancing              ; On                 ; On                 ;
; Ignore translate_off and synthesis_off directives                ; Off                ; Off                ;
; Timing-Driven Synthesis                                          ; On                 ; On                 ;
; Report Parameter Settings                                        ; On                 ; On                 ;
; Report Source Assignments                                        ; On                 ; On                 ;
; Report Connectivity Checks                                       ; On                 ; On                 ;
; Ignore Maximum Fan-Out Assignments                               ; Off                ; Off                ;
; Synchronization Register Chain Length                            ; 2                  ; 2                  ;
; Power Optimization During Synthesis                              ; Normal compilation ; Normal compilation ;
; HDL message level                                                ; Level2             ; Level2             ;
; Suppress Register Optimization Related Messages                  ; Off                ; Off                ;
; Number of Removed Registers Reported in Synthesis Report         ; 5000               ; 5000               ;
; Number of Swept Nodes Reported in Synthesis Report               ; 5000               ; 5000               ;
; Number of Inverted Registers Reported in Synthesis Report        ; 100                ; 100                ;
; Clock MUX Protection                                             ; On                 ; On                 ;
; Auto Gated Clock Conversion                                      ; Off                ; Off                ;
; Block Design Naming                                              ; Auto               ; Auto               ;
; SDC constraint protection                                        ; Off                ; Off                ;
; Synthesis Effort                                                 ; Auto               ; Auto               ;
; Shift Register Replacement - Allow Asynchronous Clear Signal     ; On                 ; On                 ;
; Pre-Mapping Resynthesis Optimization                             ; Off                ; Off                ;
; Analysis & Synthesis Message Level                               ; Medium             ; Medium             ;
; Disable Register Merging Across Hierarchies                      ; Auto               ; Auto               ;
; Resource Aware Inference For Block RAM                           ; On                 ; On                 ;
+------------------------------------------------------------------+--------------------+--------------------+


+------------------------------------------+
; Parallel Compilation                     ;
+----------------------------+-------------+
; Processors                 ; Number      ;
+----------------------------+-------------+
; Number detected on machine ; 4           ;
; Maximum allowed            ; 2           ;
;                            ;             ;
; Average used               ; 1.00        ;
; Maximum used               ; 2           ;
;                            ;             ;
; Usage by Processor         ; % Time Used ;
;     Processor 1            ; 100.0%      ;
;     Processor 2            ;   0.0%      ;
+----------------------------+-------------+


+---------------------------------------------------------------------------------------------------------------------------------------------------+
; Analysis & Synthesis Source Files Read                                                                                                            ;
+----------------------------------+-----------------+------------------------------------+-----------------------------------------------+---------+
; File Name with User-Entered Path ; Used in Netlist ; File Type                          ; File Name with Absolute Path                  ; Library ;
+----------------------------------+-----------------+------------------------------------+-----------------------------------------------+---------+
; seg.v                            ; yes             ; User Verilog HDL File              ; C:/Work/intelFPGA_lite/de0-nano/td4/seg.v     ;         ;
; decoder.v                        ; yes             ; User Verilog HDL File              ; C:/Work/intelFPGA_lite/de0-nano/td4/decoder.v ;         ;
; hc161.bdf                        ; yes             ; User Block Diagram/Schematic File  ; C:/Work/intelFPGA_lite/de0-nano/td4/hc161.bdf ;         ;
; dflipf.v                         ; yes             ; User Verilog HDL File              ; C:/Work/intelFPGA_lite/de0-nano/td4/dflipf.v  ;         ;
; dffsel.v                         ; yes             ; User Verilog HDL File              ; C:/Work/intelFPGA_lite/de0-nano/td4/dffsel.v  ;         ;
; datasel.v                        ; yes             ; User Verilog HDL File              ; C:/Work/intelFPGA_lite/de0-nano/td4/datasel.v ;         ;
; test.bdf                         ; yes             ; User Block Diagram/Schematic File  ; C:/Work/intelFPGA_lite/de0-nano/td4/test.bdf  ;         ;
; dlclock.v                        ; yes             ; User Verilog HDL File              ; C:/Work/intelFPGA_lite/de0-nano/td4/dlclock.v ;         ;
; hc153.bdf                        ; yes             ; User Block Diagram/Schematic File  ; C:/Work/intelFPGA_lite/de0-nano/td4/hc153.bdf ;         ;
; fadd.v                           ; yes             ; User Verilog HDL File              ; C:/Work/intelFPGA_lite/de0-nano/td4/fadd.v    ;         ;
; hc283.bdf                        ; yes             ; User Block Diagram/Schematic File  ; C:/Work/intelFPGA_lite/de0-nano/td4/hc283.bdf ;         ;
; hc74.bdf                         ; yes             ; User Block Diagram/Schematic File  ; C:/Work/intelFPGA_lite/de0-nano/td4/hc74.bdf  ;         ;
; rom.v                            ; yes             ; User Verilog HDL File              ; C:/Work/intelFPGA_lite/de0-nano/td4/rom.v     ;         ;
+----------------------------------+-----------------+------------------------------------+-----------------------------------------------+---------+


+---------------------------------------------------------+
; Analysis & Synthesis Resource Usage Summary             ;
+---------------------------------------------+-----------+
; Resource                                    ; Usage     ;
+---------------------------------------------+-----------+
; Estimated Total logic elements              ; 118       ;
;                                             ;           ;
; Total combinational functions               ; 110       ;
; Logic element usage by number of LUT inputs ;           ;
;     -- 4 input functions                    ; 37        ;
;     -- 3 input functions                    ; 12        ;
;     -- <=2 input functions                  ; 61        ;
;                                             ;           ;
; Logic elements by mode                      ;           ;
;     -- normal mode                          ; 83        ;
;     -- arithmetic mode                      ; 27        ;
;                                             ;           ;
; Total registers                             ; 46        ;
;     -- Dedicated logic registers            ; 46        ;
;     -- I/O registers                        ; 0         ;
;                                             ;           ;
; I/O pins                                    ; 19        ;
;                                             ;           ;
; Embedded Multiplier 9-bit elements          ; 0         ;
;                                             ;           ;
; Maximum fan-out node                        ; clk~input ;
; Maximum fan-out                             ; 29        ;
; Total fan-out                               ; 449       ;
; Average fan-out                             ; 2.31      ;
+---------------------------------------------+-----------+


+-----------------------------------------------------------------------------------------------------------------------------------------------------------------------------------------------------------------------+
; Analysis & Synthesis Resource Utilization by Entity                                                                                                                                                                   ;
+----------------------------+---------------------+---------------------------+-------------+--------------+---------+-----------+------+--------------+----------------------------------+-------------+--------------+
; Compilation Hierarchy Node ; Combinational ALUTs ; Dedicated Logic Registers ; Memory Bits ; DSP Elements ; DSP 9x9 ; DSP 18x18 ; Pins ; Virtual Pins ; Full Hierarchy Name              ; Entity Name ; Library Name ;
+----------------------------+---------------------+---------------------------+-------------+--------------+---------+-----------+------+--------------+----------------------------------+-------------+--------------+
; |test                      ; 110 (0)             ; 46 (0)                    ; 0           ; 0            ; 0       ; 0         ; 19   ; 0            ; |test                            ; test        ; work         ;
;    |decoder:inst9|         ; 4 (4)               ; 0 (0)                     ; 0           ; 0            ; 0       ; 0         ; 0    ; 0            ; |test|decoder:inst9              ; decoder     ; work         ;
;    |dlclock:inst|          ; 66 (66)             ; 29 (29)                   ; 0           ; 0            ; 0       ; 0         ; 0    ; 0            ; |test|dlclock:inst               ; dlclock     ; work         ;
;    |hc153:inst12|          ; 4 (0)               ; 0 (0)                     ; 0           ; 0            ; 0       ; 0         ; 0    ; 0            ; |test|hc153:inst12               ; hc153       ; work         ;
;       |datasel:inst1|      ; 1 (1)               ; 0 (0)                     ; 0           ; 0            ; 0       ; 0         ; 0    ; 0            ; |test|hc153:inst12|datasel:inst1 ; datasel     ; work         ;
;       |datasel:inst2|      ; 3 (3)               ; 0 (0)                     ; 0           ; 0            ; 0       ; 0         ; 0    ; 0            ; |test|hc153:inst12|datasel:inst2 ; datasel     ; work         ;
;    |hc153:inst16|          ; 2 (0)               ; 0 (0)                     ; 0           ; 0            ; 0       ; 0         ; 0    ; 0            ; |test|hc153:inst16               ; hc153       ; work         ;
;       |datasel:inst1|      ; 1 (1)               ; 0 (0)                     ; 0           ; 0            ; 0       ; 0         ; 0    ; 0            ; |test|hc153:inst16|datasel:inst1 ; datasel     ; work         ;
;       |datasel:inst2|      ; 1 (1)               ; 0 (0)                     ; 0           ; 0            ; 0       ; 0         ; 0    ; 0            ; |test|hc153:inst16|datasel:inst2 ; datasel     ; work         ;
;    |hc161:inst3|           ; 0 (0)               ; 4 (0)                     ; 0           ; 0            ; 0       ; 0         ; 0    ; 0            ; |test|hc161:inst3                ; hc161       ; work         ;
;       |dflipf:inst5|       ; 0 (0)               ; 1 (1)                     ; 0           ; 0            ; 0       ; 0         ; 0    ; 0            ; |test|hc161:inst3|dflipf:inst5   ; dflipf      ; work         ;
;       |dflipf:inst7|       ; 0 (0)               ; 1 (1)                     ; 0           ; 0            ; 0       ; 0         ; 0    ; 0            ; |test|hc161:inst3|dflipf:inst7   ; dflipf      ; work         ;
;       |dflipf:inst8|       ; 0 (0)               ; 1 (1)                     ; 0           ; 0            ; 0       ; 0         ; 0    ; 0            ; |test|hc161:inst3|dflipf:inst8   ; dflipf      ; work         ;
;       |dflipf:inst|        ; 0 (0)               ; 1 (1)                     ; 0           ; 0            ; 0       ; 0         ; 0    ; 0            ; |test|hc161:inst3|dflipf:inst    ; dflipf      ; work         ;
;    |hc161:inst4|           ; 0 (0)               ; 4 (0)                     ; 0           ; 0            ; 0       ; 0         ; 0    ; 0            ; |test|hc161:inst4                ; hc161       ; work         ;
;       |dflipf:inst5|       ; 0 (0)               ; 1 (1)                     ; 0           ; 0            ; 0       ; 0         ; 0    ; 0            ; |test|hc161:inst4|dflipf:inst5   ; dflipf      ; work         ;
;       |dflipf:inst7|       ; 0 (0)               ; 1 (1)                     ; 0           ; 0            ; 0       ; 0         ; 0    ; 0            ; |test|hc161:inst4|dflipf:inst7   ; dflipf      ; work         ;
;       |dflipf:inst8|       ; 0 (0)               ; 1 (1)                     ; 0           ; 0            ; 0       ; 0         ; 0    ; 0            ; |test|hc161:inst4|dflipf:inst8   ; dflipf      ; work         ;
;       |dflipf:inst|        ; 0 (0)               ; 1 (1)                     ; 0           ; 0            ; 0       ; 0         ; 0    ; 0            ; |test|hc161:inst4|dflipf:inst    ; dflipf      ; work         ;
;    |hc161:inst6|           ; 0 (0)               ; 4 (0)                     ; 0           ; 0            ; 0       ; 0         ; 0    ; 0            ; |test|hc161:inst6                ; hc161       ; work         ;
;       |dflipf:inst5|       ; 0 (0)               ; 1 (1)                     ; 0           ; 0            ; 0       ; 0         ; 0    ; 0            ; |test|hc161:inst6|dflipf:inst5   ; dflipf      ; work         ;
;       |dflipf:inst7|       ; 0 (0)               ; 1 (1)                     ; 0           ; 0            ; 0       ; 0         ; 0    ; 0            ; |test|hc161:inst6|dflipf:inst7   ; dflipf      ; work         ;
;       |dflipf:inst8|       ; 0 (0)               ; 1 (1)                     ; 0           ; 0            ; 0       ; 0         ; 0    ; 0            ; |test|hc161:inst6|dflipf:inst8   ; dflipf      ; work         ;
;       |dflipf:inst|        ; 0 (0)               ; 1 (1)                     ; 0           ; 0            ; 0       ; 0         ; 0    ; 0            ; |test|hc161:inst6|dflipf:inst    ; dflipf      ; work         ;
;    |hc161:inst7|           ; 6 (0)               ; 4 (0)                     ; 0           ; 0            ; 0       ; 0         ; 0    ; 0            ; |test|hc161:inst7                ; hc161       ; work         ;
;       |dffsel:inst10|      ; 1 (1)               ; 0 (0)                     ; 0           ; 0            ; 0       ; 0         ; 0    ; 0            ; |test|hc161:inst7|dffsel:inst10  ; dffsel      ; work         ;
;       |dflipf:inst5|       ; 0 (0)               ; 1 (1)                     ; 0           ; 0            ; 0       ; 0         ; 0    ; 0            ; |test|hc161:inst7|dflipf:inst5   ; dflipf      ; work         ;
;       |dflipf:inst7|       ; 0 (0)               ; 1 (1)                     ; 0           ; 0            ; 0       ; 0         ; 0    ; 0            ; |test|hc161:inst7|dflipf:inst7   ; dflipf      ; work         ;
;       |dflipf:inst8|       ; 0 (0)               ; 1 (1)                     ; 0           ; 0            ; 0       ; 0         ; 0    ; 0            ; |test|hc161:inst7|dflipf:inst8   ; dflipf      ; work         ;
;       |dflipf:inst|        ; 0 (0)               ; 1 (1)                     ; 0           ; 0            ; 0       ; 0         ; 0    ; 0            ; |test|hc161:inst7|dflipf:inst    ; dflipf      ; work         ;
;       |fadd:inst12|        ; 1 (1)               ; 0 (0)                     ; 0           ; 0            ; 0       ; 0         ; 0    ; 0            ; |test|hc161:inst7|fadd:inst12    ; fadd        ; work         ;
;       |fadd:inst13|        ; 1 (1)               ; 0 (0)                     ; 0           ; 0            ; 0       ; 0         ; 0    ; 0            ; |test|hc161:inst7|fadd:inst13    ; fadd        ; work         ;
;       |fadd:inst3|         ; 2 (2)               ; 0 (0)                     ; 0           ; 0            ; 0       ; 0         ; 0    ; 0            ; |test|hc161:inst7|fadd:inst3     ; fadd        ; work         ;
;       |fadd:inst4|         ; 1 (1)               ; 0 (0)                     ; 0           ; 0            ; 0       ; 0         ; 0    ; 0            ; |test|hc161:inst7|fadd:inst4     ; fadd        ; work         ;
;    |hc283:inst1|           ; 6 (0)               ; 0 (0)                     ; 0           ; 0            ; 0       ; 0         ; 0    ; 0            ; |test|hc283:inst1                ; hc283       ; work         ;
;       |fadd:inst1|         ; 1 (1)               ; 0 (0)                     ; 0           ; 0            ; 0       ; 0         ; 0    ; 0            ; |test|hc283:inst1|fadd:inst1     ; fadd        ; work         ;
;       |fadd:inst2|         ; 1 (1)               ; 0 (0)                     ; 0           ; 0            ; 0       ; 0         ; 0    ; 0            ; |test|hc283:inst1|fadd:inst2     ; fadd        ; work         ;
;       |fadd:inst3|         ; 2 (2)               ; 0 (0)                     ; 0           ; 0            ; 0       ; 0         ; 0    ; 0            ; |test|hc283:inst1|fadd:inst3     ; fadd        ; work         ;
;       |fadd:inst|          ; 2 (2)               ; 0 (0)                     ; 0           ; 0            ; 0       ; 0         ; 0    ; 0            ; |test|hc283:inst1|fadd:inst      ; fadd        ; work         ;
;    |hc74:inst8|            ; 0 (0)               ; 1 (0)                     ; 0           ; 0            ; 0       ; 0         ; 0    ; 0            ; |test|hc74:inst8                 ; hc74        ; work         ;
;       |dflipf:inst|        ; 0 (0)               ; 1 (1)                     ; 0           ; 0            ; 0       ; 0         ; 0    ; 0            ; |test|hc74:inst8|dflipf:inst     ; dflipf      ; work         ;
;    |rom:inst13|            ; 15 (15)             ; 0 (0)                     ; 0           ; 0            ; 0       ; 0         ; 0    ; 0            ; |test|rom:inst13                 ; rom         ; work         ;
;    |seg:inst14|            ; 7 (7)               ; 0 (0)                     ; 0           ; 0            ; 0       ; 0         ; 0    ; 0            ; |test|seg:inst14                 ; seg         ; work         ;
+----------------------------+---------------------+---------------------------+-------------+--------------+---------+-----------+------+--------------+----------------------------------+-------------+--------------+
Note: For table entries with two numbers listed, the numbers in parentheses indicate the number of resources of the given type used by the specific entity alone. The numbers listed outside of parentheses indicate the total resources of the given type used by the specific entity and all of its sub-entities in the hierarchy.


+---------------------------------------------------------------------------------------------------+
; User-Specified and Inferred Latches                                                               ;
+----------------------------------------------------+---------------------+------------------------+
; Latch Name                                         ; Latch Enable Signal ; Free of Timing Hazards ;
+----------------------------------------------------+---------------------+------------------------+
; rom:inst13|data[0]                                 ; GND                 ; yes                    ;
; rom:inst13|data[5]                                 ; GND                 ; yes                    ;
; rom:inst13|data[4]                                 ; GND                 ; yes                    ;
; rom:inst13|data[7]                                 ; GND                 ; yes                    ;
; rom:inst13|data[6]                                 ; GND                 ; yes                    ;
; Number of user-specified and inferred latches = 5  ;                     ;                        ;
+----------------------------------------------------+---------------------+------------------------+
Note: All latches listed above may not be present at the end of synthesis due to various synthesis optimizations.


+------------------------------------------------------+
; General Register Statistics                          ;
+----------------------------------------------+-------+
; Statistic                                    ; Value ;
+----------------------------------------------+-------+
; Total registers                              ; 46    ;
; Number of registers using Synchronous Clear  ; 0     ;
; Number of registers using Synchronous Load   ; 0     ;
; Number of registers using Asynchronous Clear ; 17    ;
; Number of registers using Asynchronous Load  ; 0     ;
; Number of registers using Clock Enable       ; 12    ;
; Number of registers using Preset             ; 0     ;
+----------------------------------------------+-------+


+---------------------------------------------------+
; Inverted Register Statistics                      ;
+-----------------------------------------+---------+
; Inverted Register                       ; Fan out ;
+-----------------------------------------+---------+
; dlclock:inst|delay[5]                   ; 2       ;
; dlclock:inst|delay[10]                  ; 2       ;
; dlclock:inst|delay[11]                  ; 2       ;
; dlclock:inst|delay[12]                  ; 2       ;
; dlclock:inst|delay[13]                  ; 2       ;
; dlclock:inst|delay[15]                  ; 2       ;
; dlclock:inst|delay[17]                  ; 2       ;
; dlclock:inst|delay[18]                  ; 2       ;
; dlclock:inst|delay[19]                  ; 2       ;
; dlclock:inst|delay[20]                  ; 2       ;
; dlclock:inst|delay[21]                  ; 2       ;
; dlclock:inst|delay[23]                  ; 2       ;
; Total number of inverted registers = 12 ;         ;
+-----------------------------------------+---------+


+-----------------------------------------------------------------------------------------------------------------------------------------------------+
; Multiplexer Restructuring Statistics (Restructuring Performed)                                                                                      ;
+--------------------+-----------+---------------+----------------------+------------------------+------------+---------------------------------------+
; Multiplexer Inputs ; Bus Width ; Baseline Area ; Area if Restructured ; Saving if Restructured ; Registered ; Example Multiplexer Output            ;
+--------------------+-----------+---------------+----------------------+------------------------+------------+---------------------------------------+
; 4:1                ; 4 bits    ; 8 LEs         ; 8 LEs                ; 0 LEs                  ; No         ; |test|hc153:inst12|datasel:inst2|yout ;
; 3:1                ; 3 bits    ; 6 LEs         ; 6 LEs                ; 0 LEs                  ; No         ; |test|rom:inst13|data[6]              ;
+--------------------+-----------+---------------+----------------------+------------------------+------------+---------------------------------------+


+-----------------------------------------------------+
; Post-Synthesis Netlist Statistics for Top Partition ;
+-----------------------+-----------------------------+
; Type                  ; Count                       ;
+-----------------------+-----------------------------+
; boundary_port         ; 19                          ;
; cycloneiii_ff         ; 46                          ;
;     CLR               ; 5                           ;
;     ENA CLR           ; 12                          ;
;     plain             ; 29                          ;
; cycloneiii_lcell_comb ; 113                         ;
;     arith             ; 27                          ;
;         2 data inputs ; 27                          ;
;     normal            ; 86                          ;
;         0 data inputs ; 1                           ;
;         1 data inputs ; 15                          ;
;         2 data inputs ; 21                          ;
;         3 data inputs ; 12                          ;
;         4 data inputs ; 37                          ;
;                       ;                             ;
; Max LUT depth         ; 6.00                        ;
; Average LUT depth     ; 3.55                        ;
+-----------------------+-----------------------------+


+-------------------------------+
; Elapsed Time Per Partition    ;
+----------------+--------------+
; Partition Name ; Elapsed Time ;
+----------------+--------------+
; Top            ; 00:00:01     ;
+----------------+--------------+


+-------------------------------+
; Analysis & Synthesis Messages ;
+-------------------------------+
Info: *******************************************************************
Info: Running Quartus Prime Analysis & Synthesis
    Info: Version 18.1.0 Build 625 09/12/2018 SJ Lite Edition
    Info: Processing started: Sun Dec 16 13:51:08 2018
Info: Command: quartus_map --read_settings_files=on --write_settings_files=off td4 -c td4
Warning (18236): Number of processors has not been specified which may cause overloading on shared machines.  Set the global assignment NUM_PARALLEL_PROCESSORS in your QSF to an appropriate value for best performance.
Info (20030): Parallel compilation is enabled and will use 2 of the 2 processors detected
Info (12021): Found 1 design units, including 1 entities, in source file seg.v
    Info (12023): Found entity 1: seg File: C:/Work/intelFPGA_lite/de0-nano/td4/seg.v Line: 3
Info (12021): Found 1 design units, including 1 entities, in source file decoder.v
    Info (12023): Found entity 1: decoder File: C:/Work/intelFPGA_lite/de0-nano/td4/decoder.v Line: 3
Info (12021): Found 1 design units, including 1 entities, in source file hc161.bdf
    Info (12023): Found entity 1: hc161
Info (12021): Found 1 design units, including 1 entities, in source file dflipf.v
    Info (12023): Found entity 1: dflipf File: C:/Work/intelFPGA_lite/de0-nano/td4/dflipf.v Line: 3
Info (12021): Found 1 design units, including 1 entities, in source file dffsel.v
    Info (12023): Found entity 1: dffsel File: C:/Work/intelFPGA_lite/de0-nano/td4/dffsel.v Line: 3
Info (12021): Found 1 design units, including 1 entities, in source file datasel.v
    Info (12023): Found entity 1: datasel File: C:/Work/intelFPGA_lite/de0-nano/td4/datasel.v Line: 3
Info (12021): Found 1 design units, including 1 entities, in source file test.bdf
    Info (12023): Found entity 1: test
Info (12021): Found 1 design units, including 1 entities, in source file dlclock.v
    Info (12023): Found entity 1: dlclock File: C:/Work/intelFPGA_lite/de0-nano/td4/dlclock.v Line: 6
Info (12021): Found 1 design units, including 1 entities, in source file hc153.bdf
    Info (12023): Found entity 1: hc153
Info (12021): Found 1 design units, including 1 entities, in source file debug.v
    Info (12023): Found entity 1: debug File: C:/Work/intelFPGA_lite/de0-nano/td4/debug.v Line: 3
Info (12021): Found 1 design units, including 1 entities, in source file fadd.v
    Info (12023): Found entity 1: fadd File: C:/Work/intelFPGA_lite/de0-nano/td4/fadd.v Line: 3
Info (12021): Found 1 design units, including 1 entities, in source file hc283.bdf
    Info (12023): Found entity 1: hc283
Info (12021): Found 1 design units, including 1 entities, in source file hc74.bdf
    Info (12023): Found entity 1: hc74
Info (12021): Found 1 design units, including 1 entities, in source file rom.v
    Info (12023): Found entity 1: rom File: C:/Work/intelFPGA_lite/de0-nano/td4/rom.v Line: 3
Info (12127): Elaborating entity "test" for the top level hierarchy
Info (12128): Elaborating entity "dlclock" for hierarchy "dlclock:inst"
Warning (10230): Verilog HDL assignment warning at dlclock.v(15): truncated value with size 32 to match size of target (28) File: C:/Work/intelFPGA_lite/de0-nano/td4/dlclock.v Line: 15
Warning (10230): Verilog HDL assignment warning at dlclock.v(22): truncated value with size 32 to match size of target (28) File: C:/Work/intelFPGA_lite/de0-nano/td4/dlclock.v Line: 22
Info (12128): Elaborating entity "hc161" for hierarchy "hc161:inst6"
Info (12128): Elaborating entity "dflipf" for hierarchy "hc161:inst6|dflipf:inst"
Info (12128): Elaborating entity "fadd" for hierarchy "hc161:inst6|fadd:inst13"
Info (12128): Elaborating entity "dffsel" for hierarchy "hc161:inst6|dffsel:inst6"
Warning (10235): Verilog HDL Always Construct warning at dffsel.v(14): variable "qin" is read inside the Always Construct but isn't in the Always Construct's Event Control File: C:/Work/intelFPGA_lite/de0-nano/td4/dffsel.v Line: 14
Warning (10235): Verilog HDL Always Construct warning at dffsel.v(16): variable "din" is read inside the Always Construct but isn't in the Always Construct's Event Control File: C:/Work/intelFPGA_lite/de0-nano/td4/dffsel.v Line: 16
Warning (10240): Verilog HDL Always Construct warning at dffsel.v(12): inferring latch(es) for variable "dout", which holds its previous value in one or more paths through the always construct File: C:/Work/intelFPGA_lite/de0-nano/td4/dffsel.v Line: 12
Info (12128): Elaborating entity "hc283" for hierarchy "hc283:inst1"
Info (12128): Elaborating entity "hc153" for hierarchy "hc153:inst12"
Info (12128): Elaborating entity "datasel" for hierarchy "hc153:inst12|datasel:inst2"
Warning (10235): Verilog HDL Always Construct warning at datasel.v(23): variable "c0in" is read inside the Always Construct but isn't in the Always Construct's Event Control File: C:/Work/intelFPGA_lite/de0-nano/td4/datasel.v Line: 23
Warning (10235): Verilog HDL Always Construct warning at datasel.v(25): variable "c1in" is read inside the Always Construct but isn't in the Always Construct's Event Control File: C:/Work/intelFPGA_lite/de0-nano/td4/datasel.v Line: 25
Warning (10235): Verilog HDL Always Construct warning at datasel.v(27): variable "c2in" is read inside the Always Construct but isn't in the Always Construct's Event Control File: C:/Work/intelFPGA_lite/de0-nano/td4/datasel.v Line: 27
Warning (10235): Verilog HDL Always Construct warning at datasel.v(29): variable "c3in" is read inside the Always Construct but isn't in the Always Construct's Event Control File: C:/Work/intelFPGA_lite/de0-nano/td4/datasel.v Line: 29
Warning (10240): Verilog HDL Always Construct warning at datasel.v(17): inferring latch(es) for variable "yout", which holds its previous value in one or more paths through the always construct File: C:/Work/intelFPGA_lite/de0-nano/td4/datasel.v Line: 17
Info (10041): Inferred latch for "yout" at datasel.v(17) File: C:/Work/intelFPGA_lite/de0-nano/td4/datasel.v Line: 17
Info (12128): Elaborating entity "decoder" for hierarchy "decoder:inst9"
Info (12128): Elaborating entity "rom" for hierarchy "rom:inst13"
Warning (10235): Verilog HDL Always Construct warning at rom.v(30): variable "addr" is read inside the Always Construct but isn't in the Always Construct's Event Control File: C:/Work/intelFPGA_lite/de0-nano/td4/rom.v Line: 30
Warning (10235): Verilog HDL Always Construct warning at rom.v(32): variable "addr" is read inside the Always Construct but isn't in the Always Construct's Event Control File: C:/Work/intelFPGA_lite/de0-nano/td4/rom.v Line: 32
Warning (10235): Verilog HDL Always Construct warning at rom.v(34): variable "addr" is read inside the Always Construct but isn't in the Always Construct's Event Control File: C:/Work/intelFPGA_lite/de0-nano/td4/rom.v Line: 34
Warning (10235): Verilog HDL Always Construct warning at rom.v(36): variable "addr" is read inside the Always Construct but isn't in the Always Construct's Event Control File: C:/Work/intelFPGA_lite/de0-nano/td4/rom.v Line: 36
Warning (10235): Verilog HDL Always Construct warning at rom.v(38): variable "addr" is read inside the Always Construct but isn't in the Always Construct's Event Control File: C:/Work/intelFPGA_lite/de0-nano/td4/rom.v Line: 38
Warning (10235): Verilog HDL Always Construct warning at rom.v(44): variable "data" is read inside the Always Construct but isn't in the Always Construct's Event Control File: C:/Work/intelFPGA_lite/de0-nano/td4/rom.v Line: 44
Warning (10240): Verilog HDL Always Construct warning at rom.v(27): inferring latch(es) for variable "data", which holds its previous value in one or more paths through the always construct File: C:/Work/intelFPGA_lite/de0-nano/td4/rom.v Line: 27
Info (10041): Inferred latch for "data[0]" at rom.v(27) File: C:/Work/intelFPGA_lite/de0-nano/td4/rom.v Line: 27
Info (10041): Inferred latch for "data[1]" at rom.v(27) File: C:/Work/intelFPGA_lite/de0-nano/td4/rom.v Line: 27
Info (10041): Inferred latch for "data[2]" at rom.v(27) File: C:/Work/intelFPGA_lite/de0-nano/td4/rom.v Line: 27
Info (10041): Inferred latch for "data[3]" at rom.v(27) File: C:/Work/intelFPGA_lite/de0-nano/td4/rom.v Line: 27
Info (10041): Inferred latch for "data[4]" at rom.v(27) File: C:/Work/intelFPGA_lite/de0-nano/td4/rom.v Line: 27
Info (10041): Inferred latch for "data[5]" at rom.v(27) File: C:/Work/intelFPGA_lite/de0-nano/td4/rom.v Line: 27
Info (10041): Inferred latch for "data[6]" at rom.v(27) File: C:/Work/intelFPGA_lite/de0-nano/td4/rom.v Line: 27
Info (10041): Inferred latch for "data[7]" at rom.v(27) File: C:/Work/intelFPGA_lite/de0-nano/td4/rom.v Line: 27
Info (12128): Elaborating entity "hc74" for hierarchy "hc74:inst8"
Info (12128): Elaborating entity "seg" for hierarchy "seg:inst14"
Warning (10235): Verilog HDL Always Construct warning at seg.v(14): variable "din" is read inside the Always Construct but isn't in the Always Construct's Event Control File: C:/Work/intelFPGA_lite/de0-nano/td4/seg.v Line: 14
Warning (10235): Verilog HDL Always Construct warning at seg.v(14): variable "cin" is read inside the Always Construct but isn't in the Always Construct's Event Control File: C:/Work/intelFPGA_lite/de0-nano/td4/seg.v Line: 14
Warning (10235): Verilog HDL Always Construct warning at seg.v(14): variable "bin" is read inside the Always Construct but isn't in the Always Construct's Event Control File: C:/Work/intelFPGA_lite/de0-nano/td4/seg.v Line: 14
Warning (10235): Verilog HDL Always Construct warning at seg.v(14): variable "ain" is read inside the Always Construct but isn't in the Always Construct's Event Control File: C:/Work/intelFPGA_lite/de0-nano/td4/seg.v Line: 14
Warning (14026): LATCH primitive "hc153:inst12|datasel:inst2|yout" is permanently enabled File: C:/Work/intelFPGA_lite/de0-nano/td4/datasel.v Line: 15
Warning (14026): LATCH primitive "hc153:inst12|datasel:inst1|yout" is permanently enabled File: C:/Work/intelFPGA_lite/de0-nano/td4/datasel.v Line: 15
Warning (14026): LATCH primitive "hc153:inst16|datasel:inst2|yout" is permanently enabled File: C:/Work/intelFPGA_lite/de0-nano/td4/datasel.v Line: 15
Warning (14026): LATCH primitive "hc153:inst16|datasel:inst1|yout" is permanently enabled File: C:/Work/intelFPGA_lite/de0-nano/td4/datasel.v Line: 15
Warning (13024): Output pins are stuck at VCC or GND
    Warning (13410): Pin "seg[7]" is stuck at VCC
Info (286030): Timing-Driven Synthesis is running
Info (16010): Generating hard_block partition "hard_block:auto_generated_inst"
    Info (16011): Adding 0 node(s), including 0 DDIO, 0 PLL, 0 transceiver and 0 LCELL
Info (21057): Implemented 141 device resources after synthesis - the final resource count might be different
    Info (21058): Implemented 2 input pins
    Info (21059): Implemented 17 output pins
    Info (21061): Implemented 122 logic cells
Info: Quartus Prime Analysis & Synthesis was successful. 0 errors, 28 warnings
    Info: Peak virtual memory: 4760 megabytes
    Info: Processing ended: Sun Dec 16 13:51:28 2018
    Info: Elapsed time: 00:00:20
    Info: Total CPU time (on all processors): 00:00:37


